2018-12-24 13:51:40 [scrapy] DEBUG: Crawled (200) <GET http://animeisme.com/robots.txt> (referer: None)
2018-12-24 13:51:41 [scrapy] DEBUG: Crawled (200) <GET http://animeisme.com> (referer: None)
2018-12-24 13:51:43 [scrapy] DEBUG: Crawled (200) <GET http://animeisme.com/nonton-akkun-to-kanojo-sub-indo/episode-15> (referer: http://animeisme.com)
2018-12-24 13:51:43 [scrapy] DEBUG: Scraped from <200 http://animeisme.com/nonton-akkun-to-kanojo-sub-indo/episode-15>
{'title': 'Akkun to Kanojo Episode 15', 'series': 'Akkun to Kanojo', 'rating': '6.6', 'episode': '15', 'description': 'Nonton Akkun to Kanojo Sub Indo - Komedi romantis ini mengikuti kehidupan sehari-hari seorang anak yang sangat tsundere (awalnya menyendiri dan kasar, tetapi kemudian baik hati) bernama Atsuhiro "Akkun" Kagari dan pacarnya Non "Nontan" Katagiri. Perilaku Akkun adalah kasar terhadap Nontan dengan pelecehan dan kelalaian verbal, tetapi dia sebenarnya adalah kepala-tumit untuknya dan terbiasa bertindak seperti penguntit dengan mengekorinya atau menguping. Nontan tidak menyadari cara penguntit Akkun, dan berpikir tindakannya lucu.', 'image': 'https://myanimelist.cdn-dena.com/images/anime/1404/90601.jpg', 'video': 'http://153.92.5.103/server/player/?u=aHR0cDovL2dldC5hbmltZW5pbmUuY29tL25hbi5waHA/cT1hSFIwY0hNNkx5OTFjMlZ5ZG1sa1pXOHVlSGw2TDJacGJHVXZibUZ1YVcxbExtbHVMbUZyYTNWdUxuUnZMbXRoYm05cWJ5NWxNVFV1TkRnd2NDNXpkV0l1YVc1a2J5NXRjRFEvWlcxaVpXUTlkSEoxWlNaaGRYUnZjR3hoZVQxMGNuVmw&p=&a=1&i=Ly9hbmltZWlzbWUuY29tL2Fzc2V0cy9pbWFnZXMvaXBsLnBuZw=='}
2018-12-24 13:51:43 [scrapy] DEBUG: Crawled (200) <GET http://animeisme.com/nonton-aikatsu-friends-sub-indo/episode-13> (referer: http://animeisme.com)
2018-12-24 13:51:44 [scrapy] DEBUG: Scraped from <200 http://animeisme.com/nonton-aikatsu-friends-sub-indo/episode-13>
{'title': 'Aikatsu Friends! Episode 13', 'series': 'Aikatsu Friends!', 'rating': '7.1', 'episode': '13', 'description': 'Nonton Aikatsu Friends! Sub Indo - tentang cewek-cewek yang melakukan kegiatan Idol.Karakter utama di sini yaitu Yuuki Aine', 'image': 'https://myanimelist.cdn-dena.com/images/anime/1198/90430.jpg', 'video': 'http://153.92.5.103/server/player/?u=aHR0cDovL2dldC5hbmltZW5pbmUuY29tL25hbi5waHA/cT1hSFIwY0hNNkx5OTFjMlZ5ZG1sa1pXOHVlSGw2TDJacGJHVXZibUZ1YVcxbExtRnBhMkYwYzNVdVpuSnBaVzVrY3k1bE1UTXVjM1ZpTG1sdVpHOHVORGd3Y0M1dGNEUS9aVzFpWldROWRISjFaU1poZFhSdmNHeGhlVDEwY25WbA&p=&a=1&i=Ly9hbmltZWlzbWUuY29tL2Fzc2V0cy9pbWFnZXMvaXBsLnBuZw=='}
2018-12-24 13:51:44 [scrapy] DEBUG: Crawled (200) <GET http://animeisme.com/nonton-anima-yell-sub-indo/episode-11> (referer: http://animeisme.com)
2018-12-24 13:51:44 [scrapy] DEBUG: Scraped from <200 http://animeisme.com/nonton-anima-yell-sub-indo/episode-11>
{'title': 'Anima Yell! Episode 11', 'series': 'Anima Yell!', 'rating': '6.7', 'episode': '11', 'description': 'Nonton Anima Yell! Sub Indo - Kohane Hatoya, wanita muda yang suka membantu orang lain. Setelah dia pindah dari sekolah menengah ke sekolah menengah, dia menjadi terpesona dengan cheerleader, dan dia memulai klub pemandu sorak di sekolah menengahnya. Bergabung dengan Kohane dalam kegiatan pemandu soraknya adalah teman masa kecil Hizume dan Kohane yang masih hidup, Uki.', 'image': 'https://myanimelist.cdn-dena.com/images/anime/1051/93862.jpg', 'video': 'http://153.92.5.103/server/player/?u=aHR0cDovL2dldC5hbmltZW5pbmUuY29tL2J0dWJlLnBocD9xPUFENnY1ZHhiUy1FUkNBX3ktUlVkMnJpWThSQ1pCUzllSUFtV0k3Q095N2dieGZiV2pQNDU1NmxIMDYyTHRURzBBUFhqME1NZndOLTI2am1PNnBUMDdZWmVRamZvbGhRLThFd0E0QU4tbjB4LTI2NUs1bzVSWmZGUDJ5c0xrSzd6NlhxZk15OFMwM1U&p=&a=1&i=Ly9hbmltZWlzbWUuY29tL2Fzc2V0cy9pbWFnZXMvaXBsLnBuZw=='}
2018-12-24 13:51:44 [scrapy] DEBUG: Retrying <GET http://animeisme.com/nonton-fairy-tail-sub-indo/episode-289> (failed 1 times): 500 Internal Server Error
2018-12-24 13:51:44 [scrapy] DEBUG: Retrying <GET http://animeisme.com/nonton-one-piece-sub-indo/episode-866> (failed 1 times): 500 Internal Server Error
2018-12-24 13:51:44 [scrapy] DEBUG: Crawled (200) <GET http://animeisme.com/nonton-beelzebubjou-no-okinimesu-mama-sub-indo/episode-10> (referer: http://animeisme.com)
2018-12-24 13:51:44 [scrapy] DEBUG: Crawled (200) <GET http://animeisme.com/nonton-akanesasu-shoujo-sub-indo/episode-12> (referer: http://animeisme.com)
2018-12-24 13:51:44 [scrapy] DEBUG: Crawled (200) <GET http://animeisme.com/nonton-baki-sub-indo/episode-26> (referer: http://animeisme.com)
2018-12-24 13:51:44 [scrapy] DEBUG: Crawled (200) <GET http://animeisme.com/nonton-black-clover-sub-indo/episode-63> (referer: http://animeisme.com)
2018-12-24 13:51:44 [scrapy] DEBUG: Crawled (200) <GET http://animeisme.com/nonton-boruto-naruto-next-generation-sub-indo/episode-87> (referer: http://animeisme.com)
2018-12-24 13:51:44 [scrapy] DEBUG: Scraped from <200 http://animeisme.com/nonton-beelzebubjou-no-okinimesu-mama-sub-indo/episode-10>
{'title': 'Beelzebub-jou no Okinimesu mama. Episode 10', 'series': 'Beelzebub-jou no Okinimesu mama.', 'rating': '6.7', 'episode': '10', 'description': 'Nonton Beelzebub-jou no Okinimesu mama. Sub Indo - Beelzebub adalah raja iblis besar yang memerintah beberapa juta setan. Myurin, yang memutuskan untuk melayani raja iblis, belajar bahwa Beelzebub tidak hanya memiliki ketenangan iblis yang besar, tetapi juga seorang gadis yang santai yang menyukai hal-hal berbulu. Beginilah memulai komedi kehidupan sehari-hari yang berputar di sekitar banyak penjahat di dunia iblis.', 'image': 'https://myanimelist.cdn-dena.com/images/anime/1889/93555.jpg', 'video': 'http://153.92.5.103/server/player/?u=aHR0cDovL2dldC5hbmltZW5pbmUuY29tL2J0dWJlLnBocD9xPUFENnY1ZHhISWRpLXJHTWJMejJoM2FBS3EtaXAxOUtRSHJNNU5vbnp6NzRVTldvMzRDQlhMNWdZdHQ1RmRIa29aUmd2N201dDhJdzA1cEp6NlR2UkR6c3VnY1ltSV9oRFJiZUlKNmxrc2syMnVYSHVybm5tVGxmZFhVQjFTMHB6UEdZSDBoVzlIWW15&p=&a=1&i=Ly9hbmltZWlzbWUuY29tL2Fzc2V0cy9pbWFnZXMvaXBsLnBuZw=='}
2018-12-24 13:51:44 [scrapy] DEBUG: Scraped from <200 http://animeisme.com/nonton-akanesasu-shoujo-sub-indo/episode-12>
{'title': 'Akanesasu Shoujo Episode 12', 'series': 'Akanesasu Shoujo', 'rating': '6.5', 'episode': '12', 'description': 'Nonton Akanesasu Shoujo Sub Indo - Oktober, 2018. Gadis-gadis yang tinggal di kota provinsi melakukan ritual tertentu. Gadis-gadis itu ada di "Crystal Radio Club." Ini adalah lingkaran minat yang Asuka Tsuchimiya, seorang gadis yang dikenal karena kegembiraannya, dimulai dengan teman-teman di sekolah menengahnya. Ritual itu dianggap hanya legenda urban. Namun, dengan beberapa kondisi secara kebetulan jatuh ke tempatnya, itu berhenti menjadi menyenangkan dan permainan ...', 'image': 'https://myanimelist.cdn-dena.com/images/anime/1210/95781.jpg', 'video': 'http://153.92.5.103/server/player/?u=aHR0cDovL2dldC5hbmltZW5pbmUuY29tL2J0dWJlLnBocD9xPUFENnY1ZHplWi1GSll6djRPbFNwN2FxR3lWekdKYlREQVNiMmNtbkJDUElnY2lPbnVfc2JFZHZTVS1BeGNqUkxxX3ptZk96aW9xWldFUk5yM1oyY1J2U2pXUFJaUWRTejJrNldMZS1QMWxPZjh2T3g4VzNmV1p1OVhBTnlqZXNnQjdRMjRFUHF4dlJK&p=&a=1&i=Ly9hbmltZWlzbWUuY29tL2Fzc2V0cy9pbWFnZXMvaXBsLnBuZw=='}
2018-12-24 13:51:44 [scrapy] DEBUG: Scraped from <200 http://animeisme.com/nonton-baki-sub-indo/episode-26>
{'title': 'Baki Episode 26', 'series': 'Baki', 'rating': '7.5', 'episode': '26', 'description': 'Nonton Baki Sub Indo - Sang protagonis, Baki Hanma, berlatih dengan fokus yang kuat untuk menjadi cukup kuat untuk melampaui ayahnya, Yujiro Hanma, petarung terkuat di dunia. Lima tahanan hukuman mati paling kejam dan brutal di dunia berkumpul untuk menghadapi Baki. Tujuan mereka adalah untuk merasakan kekalahan - kekuatan dan keterampilan mereka yang tak tertandingi telah membuat mereka bosan dengan kehidupan itu sendiri, dan mereka sekarang mencari Baki dengan harapan bahwa dia dapat menguasai dan benar-benar menghancurkan mereka. Dalam krisis ini, prajurit seni bela diri bawah tanah lainnya berkumpul untuk bertarung dengan sisi Baki: Kaoru Hanayama, Gouki Shibukawa, Retsu Kaioh, dan Doppo Orochi. Pertunjukan epik antara tahanan hukuman mati yang penuh kekerasan dengan Baki dan teman-temannya dimulai!', 'image': 'https://myanimelist.cdn-dena.com/images/anime/1995/91042.jpg', 'video': 'http://153.92.5.103/server/player/?u=aHR0cDovL2dldC5hbmltZW5pbmUuY29tL2J0dWJlLnBocD9xPUFENnY1ZHo2UTdEd2dCNnM4QUROZE9nQ1NLTlMyNmJpakdodm1SSEJUM1YxLThLYm40TjMwVVNqLWNRYXdYajBXUmU1dWJYUnNaMmZqSGpsZUNaSTkxVlE1Um92UDkyMG9vVTRtcnNQZVE2ZUdNNDZYM2tJck16al9TZW93b0ZvT0wtR0RMeWZfQ2xx&p=&a=1&i=Ly9hbmltZWlzbWUuY29tL2Fzc2V0cy9pbWFnZXMvaXBsLnBuZw=='}
2018-12-24 13:51:44 [scrapy] DEBUG: Scraped from <200 http://animeisme.com/nonton-black-clover-sub-indo/episode-63>
{'title': 'Black Clover Episode 63', 'series': 'Black Clover', 'rating': '7.4', 'episode': '63', 'description': 'Nonton Black Clover Sub Indo - Black Clover Subtitle Indonesia adalah serial Anime Sh?nen fantasi Jepang yang ditulis dan diilustrasikan oleh Y?ki Tabata. Cerita berpusat di sekitar seorang anak muda bernama Asta, yang lahir tanpa kekuatan sihir, sesuatu yang tidak diketahui di dunia tempat dia tinggal. Dengan ambisinya, kemampuan dan teman baru yang baru ditemukan, dia bertujuan untuk menjadi raja sihir.', 'image': 'https://cdn.myanimelist.net/images/anime/2/88336.jpg', 'video': 'http://153.92.5.103/server/player/?u=aHR0cDovL2dldC5hbmltZW5pbmUuY29tL2J0dWJlLnBocD9xPUFENnY1ZHpudG5wcTRWRV9kMXh0SjdlYzVDV0JHM2JkV0liNktXMWRUMUw4R0ZLcjRLM2U1a0RhN0V0anRVOUdWZ1pHMU93TVZUR0JIRVV4aEtWNFVZZUY3ZVpZWDFpSGlKTThCdG15dFdUUkRrQ2xkVm9rcVlhSVZ3ek1UaG1tWlJwdTcyRzg1UkE&p=&a=1&i=Ly9hbmltZWlzbWUuY29tL2Fzc2V0cy9pbWFnZXMvaXBsLnBuZw=='}
2018-12-24 13:51:45 [scrapy] DEBUG: Scraped from <200 http://animeisme.com/nonton-boruto-naruto-next-generation-sub-indo/episode-87>
{'title': 'Boruto: Naruto Next Generation Episode 87', 'series': 'Boruto: Naruto Next Generation', 'rating': '8.1', 'episode': '87', 'description': 'Nonton Boruto: Naruto Next Generation Sub Indo - Naruto adalah seorang shinobi muda dengan bakat yang tak tergoyahkan karena kenakalan. Dia mencapai mimpinya untuk menjadi ninja terhebat di desa dan wajahnya duduk di atas Monumen Hokage. Tapi ini bukan ceritanya. Seorang generasi baru ninja siap untuk naik panggung, dipimpin oleh putra Naruto sendiri, Boruto.', 'image': 'https://myanimelist.cdn-dena.com/images/anime/9/84460.jpg', 'video': 'http://153.92.5.103/server/player/?u=aHR0cDovL2dldC5hbmltZW5pbmUuY29tL2J0dWJlLnBocD9xPUFENnY1ZHgzeFJaa3Z1Wk92d0tyQjhNQzFNYkN0UWVSVlR2R0RCSXd3YzhLc3VRZ004djRYVVVQY0plYl9OUElPVF94YVlHNnJUY0dGUkFnd2NLRHpJTV96R1M5V1hEUzFVWHZEWFVJTlA3d2NtTjQwaGxfdjVUOUw3bkh3YkJ4SXhNQjdUSFZaYm94&p=&a=1&i=Ly9hbmltZWlzbWUuY29tL2Fzc2V0cy9pbWFnZXMvaXBsLnBuZw=='}
2018-12-24 13:51:45 [scrapy] DEBUG: Crawled (200) <GET http://animeisme.com/nonton-ssssgridman-sub-indo/episode-12> (referer: http://animeisme.com)
2018-12-24 13:51:45 [scrapy] DEBUG: Scraped from <200 http://animeisme.com/nonton-ssssgridman-sub-indo/episode-12>
{'title': 'SSSS.Gridman Episode 12', 'series': 'SSSS.Gridman', 'rating': '6.7', 'episode': '12', 'description': 'Nonton SSSS.Gridman Sub Indo - Yuta Hibiki tidak dapat mengingat siapa dia, dan sekarang dia melihat dan mendengar hal-hal yang orang lain tidak! Sebuah suara dari komputer lama memberitahu dia untuk mengingat panggilannya, dan dia melihat makhluk besar, tak bergerak di kejauhan. Tidak ada yang masuk akal — sampai si raksasa naik ke kehidupan! Tiba-tiba, Yuta ditarik ke dunia digital, muncul kembali di dunia nyata sebagai pahlawan kolosal — Gridman!', 'image': 'https://myanimelist.cdn-dena.com/images/anime/1973/95616.jpg', 'video': 'http://153.92.5.103/server/player/?u=aHR0cDovL2dldC5hbmltZW5pbmUuY29tL2J0dWJlLnBocD9xPUFENnY1ZHlHenpkVFE3WjVZNWVwZ2hXalNFWHJNNGo0MG5HeURGb2s0X2VYZV90QzZBX295QjFDN2lGVTJDNWI5aHA2UVlLc2E3SExmcmFheTFKdjlFZEc0NEthc3diLUVyWGRIV0ZVREZfZTh4cEI3R0dQUXo0SDdDVVpsZGJaWlpEelY3dVkxd3M&p=&a=1&i=Ly9hbmltZWlzbWUuY29tL2Fzc2V0cy9pbWFnZXMvaXBsLnBuZw=='}
2018-12-24 13:51:47 [scrapy] DEBUG: Crawled (200) <GET http://animeisme.com/nonton-bakumatsu-sub-indo/episode-12> (referer: http://animeisme.com)
2018-12-24 13:51:47 [scrapy] DEBUG: Crawled (200) <GET http://animeisme.com/nonton-fairy-tail-sub-indo/episode-289> (referer: http://animeisme.com)
2018-12-24 13:51:47 [scrapy] DEBUG: Scraped from <200 http://animeisme.com/nonton-bakumatsu-sub-indo/episode-12>
{'title': 'Bakumatsu Episode 12', 'series': 'Bakumatsu', 'rating': '5.8', 'episode': '12', 'description': 'Nonton Bakumatsu Sub Indo - Kyoto, Jepang. Pahlawan wanita itu bertemu dengan seorang pria yang memberinya arloji saku entah bagaimana mengarah ke Torii di sebuah kuil, dan tiba-tiba itu melesat ke periode Bakumatsu. Di dunia di mana ada perbedaan dalam pentingnya nilai, ia mencoba menemukan cara untuk kembali. Ketika dia bertemu dengan seorang pria yang telah menyeberang waktu dan berkata, "Aku akan hidup untukmu," kisah cinta antara kedua bunga.', 'image': 'https://myanimelist.cdn-dena.com/images/anime/1764/95110.jpg', 'video': 'http://153.92.5.103/server/player/?u=aHR0cDovL2dldC5hbmltZW5pbmUuY29tL2J0dWJlLnBocD9xPUFENnY1ZHpIWkNhN25GclptU2RBaVRxX0JDZ1FIcVRYSFNPeXZIbTNQMTNRZVlrSy13Zk5kU0V2ZkxZTVI3UTI4Y2JYR2E3aTZBOEdFeVM2U2FERTR0LVFZSXJocDFRX2RoY2l3UmlJTVpfQ2JIRmF4Rk5qQi0yTFV0dzEzbHNjUHhpLTIyWFNWSGcx&p=&a=1&i=Ly9hbmltZWlzbWUuY29tL2Fzc2V0cy9pbWFnZXMvaXBsLnBuZw=='}
2018-12-24 13:51:47 [scrapy] DEBUG: Scraped from <200 http://animeisme.com/nonton-fairy-tail-sub-indo/episode-289>
{'title': 'Fairy Tail Episode 289', 'series': 'Fairy Tail', 'rating': '8.2', 'episode': '289', 'description': 'Nonton Fairy Tail Sub Indo - Lucy, seorang gadis berusia 17 tahun, memulai perjalanan untuk menjadi penyihir penuh dan bergabung dengan serikat terkuat dan paling terkenal di FAIRY TAIL di mana dia bertemu dengan Natsu, Happy, Gray dan Erza, yang memperlakukannya lebih seperti keluarga daripada teman. Seri epik ini membawa kita melalui semua bahaya bahwa anggota wajah peri dan akhirnya diatasi melalui saling cinta dan pertemanan.', 'image': 'https://myanimelist.cdn-dena.com/images/anime/1536/93863.jpg', 'video': 'http://153.92.5.103/server/player/?u=aHR0cDovL2dldC5hbmltZW5pbmUuY29tL2J0dWJlLnBocD9xPUFENnY1ZHpnc2lpMmJ1eWNmRXhmcURES0VmV0MwV1k0R1MwQkNSN3FjZ1J6UV9zUjUzNXdWZ3YwT0NPUk55dHQ5aVZUZ3JOQ0x6Z0Q3anQxUzhBSHZEUUUtdjJyZ0U5bTFGVEdHenJTdzJDTl9TeHlRN2M3SmprQkJQRE1sdVRwdEkyX1ZMdGt6YlE&p=&a=1&i=Ly9hbmltZWlzbWUuY29tL2Fzc2V0cy9pbWFnZXMvaXBsLnBuZw=='}
2018-12-24 13:51:47 [scrapy] DEBUG: Crawled (200) <GET http://animeisme.com/nonton-one-piece-sub-indo/episode-866> (referer: http://animeisme.com)
2018-12-24 13:51:47 [scrapy] DEBUG: Scraped from <200 http://animeisme.com/nonton-one-piece-sub-indo/episode-866>
{'title': 'One Piece Episode 866', 'series': 'One Piece', 'rating': '8.6', 'episode': '866', 'description': 'Nonton One Piece Sub Indo - Ikuti petualangan Monkey D. Luffy dan teman-temannya untuk menemukan harta karun terbesar yang pernah ditinggalkan oleh Pirate legendaris, Gol D Roger. Harta misterius terkenal bernama "One Piece".', 'image': 'https://cdn.myanimelist.net/images/anime/6/73245.jpg', 'video': 'http://153.92.5.103/server/player/?u=aHR0cDovL2dldC5hbmltZW5pbmUuY29tL2J0dWJlLnBocD9xPUFENnY1ZHlvM29oR2ZjbzFScEFnMnFqZ29fOTYwVFRqMERWaS1VSGVFR1FBQ2lnOG1ESnRXdVpYY2p4YXlNb3JOMFREeklfNjRHeFZSR3R4M3QyQVF6TTlnbDVqY2hGSFRXcmN0TDJnb3FoTW5reV9QRHYzSGgyT0U2R2VRbzVZZ3ZraVEzcmp3NEVr&p=&a=1&i=Ly9hbmltZWlzbWUuY29tL2Fzc2V0cy9pbWFnZXMvaXBsLnBuZw=='}
2018-12-24 13:51:49 [scrapy] DEBUG: Crawled (200) <GET http://animeisme.com/nonton-release-the-spyce-sub-indo/episode-12> (referer: http://animeisme.com)
2018-12-24 13:51:49 [scrapy] DEBUG: Crawled (200) <GET http://animeisme.com/nonton-gegege-no-kitaro-sub-indo/episode-37> (referer: http://animeisme.com)
2018-12-24 13:51:49 [scrapy] DEBUG: Scraped from <200 http://animeisme.com/nonton-release-the-spyce-sub-indo/episode-12>
{'title': 'Release the Spyce Episode 12', 'series': 'Release the Spyce', 'rating': '7.0', 'episode': '12', 'description': 'Nonton Release the Spyce Sub Indo - Serial ini tentang seorang gadis bernama Momo yang menghadiri sekolah menengah di kota Sorasaki. Namun, dia diam-diam adalah anggota Tsukikage, sebuah agen intelijen yang melindungi orang. Sebagai anggota baru agensi, dia bekerja bersama rekan-rekannya termasuk seniornya Yuki dan teman-temannya. Bersama-sama, mereka bekerja untuk membangun perdamaian di kota.', 'image': 'https://myanimelist.cdn-dena.com/images/anime/1416/91403.jpg', 'video': 'http://153.92.5.103/server/player/?u=aHR0cDovL2dldC5hbmltZW5pbmUuY29tL2J0dWJlLnBocD9xPUFENnY1ZHhDSkp6cDRaOVZkS0x5d0FUTm51NkhJRG5yM1hZdHNQa2d2Q3lnX1hvcUg0ekNJbFhCdW1PWFhyVkhNS1RMTDJDTlR4bW5EQW91dHI1SndwNHRfWi1jdDN5amROM2pGS19CSjctWmV0amV3WWJSU2trQkxRaDJsbEZFc2thZG42VjJndEE&p=&a=1&i=Ly9hbmltZWlzbWUuY29tL2Fzc2V0cy9pbWFnZXMvaXBsLnBuZw=='}
2018-12-24 13:51:49 [scrapy] DEBUG: Scraped from <200 http://animeisme.com/nonton-gegege-no-kitaro-sub-indo/episode-37>
{'title': 'Gegege no Kitaro Episode 37', 'series': 'Gegege no Kitaro', 'rating': '7.04', 'episode': '37', 'description': 'Nonton Gegege no Kitaro Sub Indo - Serial manga yang sangat populer tentang seorang youkai muda (semangat) yang berjuang untuk perdamaian antara dunia manusia dan dunia roh.', 'image': 'http://animeisme.com/assets/images/dp/GegegenoKitaro.jpg', 'video': 'http://153.92.5.103/server/player/?u=aHR0cDovL2dldC5hbmltZW5pbmUuY29tL2J0dWJlLnBocD9xPUFENnY1ZHhkaVB3Q1ZlUk5fUTVUemZ5RG8tYnNNS3lRMGNsRHlOYnhqZXVTeThTc2pIck9IQ1JiUGpJUjJZbEpGYk00WXRRSld0eUJwM1I2X2lBS1B1bjF6Wnd1T0JoTzJDek5kZk5pdVM3T1daNTZacV8yQTNxLURzNjVDcDRQTmZYR0xweGl6djBn&p=&a=1&i=Ly9hbmltZWlzbWUuY29tL2Fzc2V0cy9pbWFnZXMvaXBsLnBuZw=='}
2018-12-24 13:51:49 [scrapy] INFO: Closing spider (finished)
2018-12-24 13:51:49 [scrapy] INFO: Dumping Scrapy stats:
{'downloader/request_bytes': 12274,
 'downloader/request_count': 18,
 'downloader/request_method_count/GET': 18,
 'downloader/response_bytes': 260524,
 'downloader/response_count': 18,
 'downloader/response_status_count/200': 16,
 'downloader/response_status_count/500': 2,
 'finish_reason': 'finished',
 'finish_time': datetime.datetime(2018, 12, 24, 6, 51, 49, 953551),
 'item_scraped_count': 14,
 'log_count/DEBUG': 32,
 'log_count/INFO': 6,
 'memusage/max': 52105216,
 'memusage/startup': 52105216,
 'request_depth_max': 1,
 'response_received_count': 16,
 'retry/count': 2,
 'retry/reason_count/500 Internal Server Error': 2,
 'scheduler/dequeued': 17,
 'scheduler/dequeued/memory': 17,
 'scheduler/enqueued': 17,
 'scheduler/enqueued/memory': 17,
 'start_time': datetime.datetime(2018, 12, 24, 6, 51, 39, 714803)}
2018-12-24 13:51:49 [scrapy] INFO: Spider closed (finished)
